  Building Custom Rule F:/vrg3d-code/G3D/zip.lib/CMakeLists.txt
  Microsoft (R) C/C++ Optimizing Compiler Version 19.16.27038 for x86
  Copyright (C) Microsoft Corporation.  All rights reserved.
  
  cl /c /I"F:\vrg3d-code\G3D\zip.lib\.\include" /I"F:\vrg3d-code\G3D\zip.lib\.\source" /I"F:\vrg3d-code\G3D\zip.lib\..\zlib.lib\include" /Zi /W3 /WX- /diagnostics:classic /Od /Ob0 /Oy- /D WIN32 /D _WINDOWS /D "CMAKE_INTDIR=\"Debug\"" /D _MBCS /Gm- /RTC1 /MDd /GS /fp:precise /Zc:wchar_t /Zc:forScope /Zc:inline /Fo"zip.dir\Debug\\" /Fd"zip.dir\Debug\zip.pdb" /Gd /TC /analyze- /errorReport:prompt "F:\vrg3d-code\G3D\zip.lib\source\mkstemp.c" "F:\vrg3d-code\G3D\zip.lib\source\zip_add.c" "F:\vrg3d-code\G3D\zip.lib\source\zip_add_dir.c" "F:\vrg3d-code\G3D\zip.lib\source\zip_close.c" "F:\vrg3d-code\G3D\zip.lib\source\zip_delete.c" "F:\vrg3d-code\G3D\zip.lib\source\zip_dirent.c" "F:\vrg3d-code\G3D\zip.lib\source\zip_entry_free.c" "F:\vrg3d-code\G3D\zip.lib\source\zip_entry_new.c" "F:\vrg3d-code\G3D\zip.lib\source\zip_err_str.c" "F:\vrg3d-code\G3D\zip.lib\source\zip_error.c" "F:\vrg3d-code\G3D\zip.lib\source\zip_error_clear.c" "F:\vrg3d-code\G3D\zip.lib\source\zip_error_get.c" "F:\vrg3d-code\G3D\zip.lib\source\zip_error_get_sys_type.c" "F:\vrg3d-code\G3D\zip.lib\source\zip_error_strerror.c" "F:\vrg3d-code\G3D\zip.lib\source\zip_error_to_str.c" "F:\vrg3d-code\G3D\zip.lib\source\zip_fclose.c" "F:\vrg3d-code\G3D\zip.lib\source\zip_file_error_clear.c" "F:\vrg3d-code\G3D\zip.lib\source\zip_file_error_get.c" "F:\vrg3d-code\G3D\zip.lib\source\zip_file_get_offset.c" "F:\vrg3d-code\G3D\zip.lib\source\zip_file_strerror.c" "F:\vrg3d-code\G3D\zip.lib\source\zip_filerange_crc.c" "F:\vrg3d-code\G3D\zip.lib\source\zip_fopen.c" "F:\vrg3d-code\G3D\zip.lib\source\zip_fopen_index.c" "F:\vrg3d-code\G3D\zip.lib\source\zip_fread.c" "F:\vrg3d-code\G3D\zip.lib\source\zip_free.c" "F:\vrg3d-code\G3D\zip.lib\source\zip_get_archive_comment.c" "F:\vrg3d-code\G3D\zip.lib\source\zip_get_archive_flag.c" "F:\vrg3d-code\G3D\zip.lib\source\zip_get_file_comment.c" "F:\vrg3d-code\G3D\zip.lib\source\zip_get_name.c" "F:\vrg3d-code\G3D\zip.lib\source\zip_get_num_files.c" "F:\vrg3d-code\G3D\zip.lib\source\zip_memdup.c" "F:\vrg3d-code\G3D\zip.lib\source\zip_name_locate.c" "F:\vrg3d-code\G3D\zip.lib\source\zip_new.c" "F:\vrg3d-code\G3D\zip.lib\source\zip_open.c" "F:\vrg3d-code\G3D\zip.lib\source\zip_rename.c" "F:\vrg3d-code\G3D\zip.lib\source\zip_replace.c" "F:\vrg3d-code\G3D\zip.lib\source\zip_set_archive_comment.c" "F:\vrg3d-code\G3D\zip.lib\source\zip_set_archive_flag.c" "F:\vrg3d-code\G3D\zip.lib\source\zip_set_file_comment.c" "F:\vrg3d-code\G3D\zip.lib\source\zip_set_name.c" "F:\vrg3d-code\G3D\zip.lib\source\zip_source_buffer.c" "F:\vrg3d-code\G3D\zip.lib\source\zip_source_file.c" "F:\vrg3d-code\G3D\zip.lib\source\zip_source_filep.c" "F:\vrg3d-code\G3D\zip.lib\source\zip_source_free.c" "F:\vrg3d-code\G3D\zip.lib\source\zip_source_function.c" "F:\vrg3d-code\G3D\zip.lib\source\zip_source_zip.c" "F:\vrg3d-code\G3D\zip.lib\source\zip_stat.c" "F:\vrg3d-code\G3D\zip.lib\source\zip_stat_index.c" "F:\vrg3d-code\G3D\zip.lib\source\zip_stat_init.c" "F:\vrg3d-code\G3D\zip.lib\source\zip_strerror.c" "F:\vrg3d-code\G3D\zip.lib\source\zip_unchange.c" "F:\vrg3d-code\G3D\zip.lib\source\zip_unchange_all.c" "F:\vrg3d-code\G3D\zip.lib\source\zip_unchange_archive.c" "F:\vrg3d-code\G3D\zip.lib\source\zip_unchange_data.c"
  
  mkstemp.c
F:\vrg3d-code\G3D\zip.lib\source\mkstemp.c(53): warning C4996: '_mktemp': This function or variable may be unsafe. Consider using _mktemp_s instead. To disable deprecation, use _CRT_SECURE_NO_WARNINGS. See online help for details.
  C:\Program Files (x86)\Windows Kits\10\Include\10.0.18362.0\ucrt\corecrt_io.h(228): note: see declaration of '_mktemp'
F:\vrg3d-code\G3D\zip.lib\source\mkstemp.c(54): warning C4996: '_open': This function or variable may be unsafe. Consider using _sopen_s instead. To disable deprecation, use _CRT_SECURE_NO_WARNINGS. See online help for details.
  C:\Program Files (x86)\Windows Kits\10\Include\10.0.18362.0\ucrt\corecrt_io.h(419): note: see declaration of '_open'
  zip_add.c
  zip_add_dir.c
F:\vrg3d-code\G3D\zip.lib\source\zip_add_dir.c(63): warning C4996: 'strcpy': This function or variable may be unsafe. Consider using strcpy_s instead. To disable deprecation, use _CRT_SECURE_NO_WARNINGS. See online help for details.
  C:\Program Files (x86)\Windows Kits\10\Include\10.0.18362.0\ucrt\string.h(133): note: see declaration of 'strcpy'
  zip_close.c
F:\vrg3d-code\G3D\zip.lib\source\zip_close.c(181): warning C4267: '=': conversion from 'size_t' to 'unsigned short', possible loss of data
F:\vrg3d-code\G3D\zip.lib\source\zip_close.c(213): warning C4267: '=': conversion from 'size_t' to 'unsigned short', possible loss of data
F:\vrg3d-code\G3D\zip.lib\source\zip_close.c(304): warning C4013: 'umask' undefined; assuming extern returning int
F:\vrg3d-code\G3D\zip.lib\source\zip_close.c(306): warning C4013: 'chmod' undefined; assuming extern returning int
F:\vrg3d-code\G3D\zip.lib\source\zip_close.c(175): warning C4996: 'strdup': The POSIX name for this item is deprecated. Instead, use the ISO C and C++ conformant name: _strdup. See online help for details.
  C:\Program Files (x86)\Windows Kits\10\Include\10.0.18362.0\ucrt\string.h(536): note: see declaration of 'strdup'
F:\vrg3d-code\G3D\zip.lib\source\zip_close.c(180): warning C4996: 'strdup': The POSIX name for this item is deprecated. Instead, use the ISO C and C++ conformant name: _strdup. See online help for details.
  C:\Program Files (x86)\Windows Kits\10\Include\10.0.18362.0\ucrt\string.h(536): note: see declaration of 'strdup'
F:\vrg3d-code\G3D\zip.lib\source\zip_close.c(209): warning C4996: 'strdup': The POSIX name for this item is deprecated. Instead, use the ISO C and C++ conformant name: _strdup. See online help for details.
  C:\Program Files (x86)\Windows Kits\10\Include\10.0.18362.0\ucrt\string.h(536): note: see declaration of 'strdup'
F:\vrg3d-code\G3D\zip.lib\source\zip_close.c(300): warning C4996: 'fopen': This function or variable may be unsafe. Consider using fopen_s instead. To disable deprecation, use _CRT_SECURE_NO_WARNINGS. See online help for details.
  C:\Program Files (x86)\Windows Kits\10\Include\10.0.18362.0\ucrt\stdio.h(208): note: see declaration of 'fopen'
F:\vrg3d-code\G3D\zip.lib\source\zip_close.c(566): warning C4996: '_snprintf': This function or variable may be unsafe. Consider using _snprintf_s instead. To disable deprecation, use _CRT_SECURE_NO_WARNINGS. See online help for details.
  C:\Program Files (x86)\Windows Kits\10\Include\10.0.18362.0\ucrt\stdio.h(1961): note: see declaration of '_snprintf'
F:\vrg3d-code\G3D\zip.lib\source\zip_close.c(655): warning C4013: 'close' undefined; assuming extern returning int
F:\vrg3d-code\G3D\zip.lib\source\zip_close.c(645): warning C4996: 'sprintf': This function or variable may be unsafe. Consider using sprintf_s instead. To disable deprecation, use _CRT_SECURE_NO_WARNINGS. See online help for details.
  C:\Program Files (x86)\Windows Kits\10\Include\10.0.18362.0\ucrt\stdio.h(1774): note: see declaration of 'sprintf'
F:\vrg3d-code\G3D\zip.lib\source\zip_close.c(653): warning C4996: 'fdopen': The POSIX name for this item is deprecated. Instead, use the ISO C and C++ conformant name: _fdopen. See online help for details.
  C:\Program Files (x86)\Windows Kits\10\Include\10.0.18362.0\ucrt\stdio.h(2457): note: see declaration of 'fdopen'
  zip_delete.c
  zip_dirent.c
F:\vrg3d-code\G3D\zip.lib\source\zip_dirent.c(449): warning C4996: 'localtime': This function or variable may be unsafe. Consider using localtime_s instead. To disable deprecation, use _CRT_SECURE_NO_WARNINGS. See online help for details.
  C:\Program Files (x86)\Windows Kits\10\Include\10.0.18362.0\ucrt\time.h(506): note: see declaration of 'localtime'
F:\vrg3d-code\G3D\zip.lib\source\zip_dirent.c(578): warning C4996: 'localtime': This function or variable may be unsafe. Consider using localtime_s instead. To disable deprecation, use _CRT_SECURE_NO_WARNINGS. See online help for details.
  C:\Program Files (x86)\Windows Kits\10\Include\10.0.18362.0\ucrt\time.h(506): note: see declaration of 'localtime'
  zip_entry_free.c
  zip_entry_new.c
  zip_err_str.c
  zip_error.c
  zip_error_clear.c
  zip_error_get.c
  zip_error_get_sys_type.c
  zip_error_strerror.c
F:\vrg3d-code\G3D\zip.lib\source\zip_error_strerror.c(54): warning C4996: 'sprintf': This function or variable may be unsafe. Consider using sprintf_s instead. To disable deprecation, use _CRT_SECURE_NO_WARNINGS. See online help for details.
  C:\Program Files (x86)\Windows Kits\10\Include\10.0.18362.0\ucrt\stdio.h(1774): note: see declaration of 'sprintf'
F:\vrg3d-code\G3D\zip.lib\source\zip_error_strerror.c(63): warning C4996: 'strerror': This function or variable may be unsafe. Consider using strerror_s instead. To disable deprecation, use _CRT_SECURE_NO_WARNINGS. See online help for details.
  C:\Program Files (x86)\Windows Kits\10\Include\10.0.18362.0\ucrt\string.h(182): note: see declaration of 'strerror'
F:\vrg3d-code\G3D\zip.lib\source\zip_error_strerror.c(82): warning C4996: 'sprintf': This function or variable may be unsafe. Consider using sprintf_s instead. To disable deprecation, use _CRT_SECURE_NO_WARNINGS. See online help for details.
  C:\Program Files (x86)\Windows Kits\10\Include\10.0.18362.0\ucrt\stdio.h(1774): note: see declaration of 'sprintf'
  zip_error_to_str.c
F:\vrg3d-code\G3D\zip.lib\source\zip_error_to_str.c(51): warning C4996: '_snprintf': This function or variable may be unsafe. Consider using _snprintf_s instead. To disable deprecation, use _CRT_SECURE_NO_WARNINGS. See online help for details.
  C:\Program Files (x86)\Windows Kits\10\Include\10.0.18362.0\ucrt\stdio.h(1961): note: see declaration of '_snprintf'
F:\vrg3d-code\G3D\zip.lib\source\zip_error_to_str.c(57): warning C4996: 'strerror': This function or variable may be unsafe. Consider using strerror_s instead. To disable deprecation, use _CRT_SECURE_NO_WARNINGS. See online help for details.
  C:\Program Files (x86)\Windows Kits\10\Include\10.0.18362.0\ucrt\string.h(182): note: see declaration of 'strerror'
F:\vrg3d-code\G3D\zip.lib\source\zip_error_to_str.c(68): warning C4996: '_snprintf': This function or variable may be unsafe. Consider using _snprintf_s instead. To disable deprecation, use _CRT_SECURE_NO_WARNINGS. See online help for details.
  C:\Program Files (x86)\Windows Kits\10\Include\10.0.18362.0\ucrt\stdio.h(1961): note: see declaration of '_snprintf'
  zip_fclose.c
  zip_file_error_clear.c
  zip_file_error_get.c
  zip_file_get_offset.c
  zip_file_strerror.c
  Generating Code...
  Compiling...
  zip_filerange_crc.c
  zip_fopen.c
  zip_fopen_index.c
  zip_fread.c
  zip_free.c
  zip_get_archive_comment.c
  zip_get_archive_flag.c
  zip_get_file_comment.c
  zip_get_name.c
  zip_get_num_files.c
  zip_memdup.c
  zip_name_locate.c
  zip_new.c
  zip_open.c
F:\vrg3d-code\G3D\zip.lib\source\zip_open.c(78): warning C4996: 'fopen': This function or variable may be unsafe. Consider using fopen_s instead. To disable deprecation, use _CRT_SECURE_NO_WARNINGS. See online help for details.
  C:\Program Files (x86)\Windows Kits\10\Include\10.0.18362.0\ucrt\stdio.h(208): note: see declaration of 'fopen'
F:\vrg3d-code\G3D\zip.lib\source\zip_open.c(421): warning C4996: 'strdup': The POSIX name for this item is deprecated. Instead, use the ISO C and C++ conformant name: _strdup. See online help for details.
  C:\Program Files (x86)\Windows Kits\10\Include\10.0.18362.0\ucrt\string.h(536): note: see declaration of 'strdup'
  zip_rename.c
  zip_replace.c
  zip_set_archive_comment.c
  zip_set_archive_flag.c
  zip_set_file_comment.c
  zip_set_name.c
F:\vrg3d-code\G3D\zip.lib\source\zip_set_name.c(63): warning C4996: 'strdup': The POSIX name for this item is deprecated. Instead, use the ISO C and C++ conformant name: _strdup. See online help for details.
  C:\Program Files (x86)\Windows Kits\10\Include\10.0.18362.0\ucrt\string.h(536): note: see declaration of 'strdup'
  Generating Code...
  Compiling...
  zip_source_buffer.c
  zip_source_file.c
  zip_source_filep.c
F:\vrg3d-code\G3D\zip.lib\source\zip_source_filep.c(93): warning C4996: 'strdup': The POSIX name for this item is deprecated. Instead, use the ISO C and C++ conformant name: _strdup. See online help for details.
  C:\Program Files (x86)\Windows Kits\10\Include\10.0.18362.0\ucrt\string.h(536): note: see declaration of 'strdup'
F:\vrg3d-code\G3D\zip.lib\source\zip_source_filep.c(143): warning C4018: '>': signed/unsigned mismatch
F:\vrg3d-code\G3D\zip.lib\source\zip_source_filep.c(126): warning C4996: 'fopen': This function or variable may be unsafe. Consider using fopen_s instead. To disable deprecation, use _CRT_SECURE_NO_WARNINGS. See online help for details.
  C:\Program Files (x86)\Windows Kits\10\Include\10.0.18362.0\ucrt\stdio.h(208): note: see declaration of 'fopen'
F:\vrg3d-code\G3D\zip.lib\source\zip_source_filep.c(175): warning C4996: 'fileno': The POSIX name for this item is deprecated. Instead, use the ISO C and C++ conformant name: _fileno. See online help for details.
  C:\Program Files (x86)\Windows Kits\10\Include\10.0.18362.0\ucrt\stdio.h(2459): note: see declaration of 'fileno'
  zip_source_free.c
  zip_source_function.c
  zip_source_zip.c
F:\vrg3d-code\G3D\zip.lib\source\zip_source_zip.c(142): warning C4018: '>': signed/unsigned mismatch
  zip_stat.c
  zip_stat_index.c
  zip_stat_init.c
  zip_strerror.c
  zip_unchange.c
  zip_unchange_all.c
  zip_unchange_archive.c
  zip_unchange_data.c
  Generating Code...
  zip.vcxproj -> F:\vrg3d-code\G3D\zip.lib\build32\Debug\zip.lib
